2024-01-02 11:51:56,199 [Worker-0: Loading available Gradle versions] INFO  o.e.b.c.i.u.g.PublishedGradleVersions - Gradle version information cache is out-of-date. Trying to update.
2024-01-02 11:52:00,907 [Worker-0: Loading available Gradle versions] ERROR o.e.b.c.i.u.g.PublishedGradleVersions - Cannot write Gradle version information cache file.
java.io.FileNotFoundException: C:\Users\Abhi Sharma\.cache\tooling\gradle\versions.json (Access is denied)
	at java.base/java.io.FileOutputStream.open0(Native Method)
	at java.base/java.io.FileOutputStream.open(FileOutputStream.java:289)
	at java.base/java.io.FileOutputStream.<init>(FileOutputStream.java:230)
	at com.google.common.io.Files$FileByteSink.openStream(Files.java:197)
	at com.google.common.io.Files$FileByteSink.openStream(Files.java:185)
	at com.google.common.io.ByteSink$AsCharSink.openStream(ByteSink.java:152)
	at com.google.common.io.CharSource$StringCharSource.copyTo(CharSource.java:662)
	at org.eclipse.buildship.core.internal.util.gradle.PublishedGradleVersions.storeCacheVersionsFile(PublishedGradleVersions.java:184)
	at org.eclipse.buildship.core.internal.util.gradle.PublishedGradleVersions.tryToDownloadAndCacheVersions(PublishedGradleVersions.java:150)
	at org.eclipse.buildship.core.internal.util.gradle.PublishedGradleVersions.tryToUpdateOutdatedVersionsFile(PublishedGradleVersions.java:133)
	at org.eclipse.buildship.core.internal.util.gradle.PublishedGradleVersions.create(PublishedGradleVersions.java:117)
	at org.eclipse.buildship.core.internal.util.gradle.PublishedGradleVersionsWrapper$LoadVersionsJob.run(PublishedGradleVersionsWrapper.java:73)
	at org.eclipse.core.internal.jobs.Worker.run(Worker.java:63)
2024-01-03 20:51:03,218 [Worker-2: Loading available Gradle versions] INFO  o.e.b.c.i.u.g.PublishedGradleVersions - Gradle version information cache is out-of-date. Trying to update.
2024-01-03 20:51:07,557 [Worker-2: Loading available Gradle versions] ERROR o.e.b.c.i.u.g.PublishedGradleVersions - Cannot write Gradle version information cache file.
java.io.FileNotFoundException: C:\Users\Abhi Sharma\.cache\tooling\gradle\versions.json (Access is denied)
	at java.base/java.io.FileOutputStream.open0(Native Method)
	at java.base/java.io.FileOutputStream.open(FileOutputStream.java:289)
	at java.base/java.io.FileOutputStream.<init>(FileOutputStream.java:230)
	at com.google.common.io.Files$FileByteSink.openStream(Files.java:197)
	at com.google.common.io.Files$FileByteSink.openStream(Files.java:185)
	at com.google.common.io.ByteSink$AsCharSink.openStream(ByteSink.java:152)
	at com.google.common.io.CharSource$StringCharSource.copyTo(CharSource.java:662)
	at org.eclipse.buildship.core.internal.util.gradle.PublishedGradleVersions.storeCacheVersionsFile(PublishedGradleVersions.java:184)
	at org.eclipse.buildship.core.internal.util.gradle.PublishedGradleVersions.tryToDownloadAndCacheVersions(PublishedGradleVersions.java:150)
	at org.eclipse.buildship.core.internal.util.gradle.PublishedGradleVersions.tryToUpdateOutdatedVersionsFile(PublishedGradleVersions.java:133)
	at org.eclipse.buildship.core.internal.util.gradle.PublishedGradleVersions.create(PublishedGradleVersions.java:117)
	at org.eclipse.buildship.core.internal.util.gradle.PublishedGradleVersionsWrapper$LoadVersionsJob.run(PublishedGradleVersionsWrapper.java:73)
	at org.eclipse.core.internal.jobs.Worker.run(Worker.java:63)
2024-01-04 11:56:31,356 [Worker-1: Loading available Gradle versions] INFO  o.e.b.c.i.u.g.PublishedGradleVersions - Gradle version information cache is out-of-date. Trying to update.
2024-01-04 11:56:33,325 [Worker-1: Loading available Gradle versions] ERROR o.e.b.c.i.u.g.PublishedGradleVersions - Cannot write Gradle version information cache file.
java.io.FileNotFoundException: C:\Users\Abhi Sharma\.cache\tooling\gradle\versions.json (Access is denied)
	at java.base/java.io.FileOutputStream.open0(Native Method)
	at java.base/java.io.FileOutputStream.open(FileOutputStream.java:289)
	at java.base/java.io.FileOutputStream.<init>(FileOutputStream.java:230)
	at com.google.common.io.Files$FileByteSink.openStream(Files.java:197)
	at com.google.common.io.Files$FileByteSink.openStream(Files.java:185)
	at com.google.common.io.ByteSink$AsCharSink.openStream(ByteSink.java:152)
	at com.google.common.io.CharSource$StringCharSource.copyTo(CharSource.java:662)
	at org.eclipse.buildship.core.internal.util.gradle.PublishedGradleVersions.storeCacheVersionsFile(PublishedGradleVersions.java:184)
	at org.eclipse.buildship.core.internal.util.gradle.PublishedGradleVersions.tryToDownloadAndCacheVersions(PublishedGradleVersions.java:150)
	at org.eclipse.buildship.core.internal.util.gradle.PublishedGradleVersions.tryToUpdateOutdatedVersionsFile(PublishedGradleVersions.java:133)
	at org.eclipse.buildship.core.internal.util.gradle.PublishedGradleVersions.create(PublishedGradleVersions.java:117)
	at org.eclipse.buildship.core.internal.util.gradle.PublishedGradleVersionsWrapper$LoadVersionsJob.run(PublishedGradleVersionsWrapper.java:73)
	at org.eclipse.core.internal.jobs.Worker.run(Worker.java:63)
2024-01-06 16:12:53,911 [Worker-1: Loading available Gradle versions] INFO  o.e.b.c.i.u.g.PublishedGradleVersions - Gradle version information cache is out-of-date. Trying to update.
2024-01-06 16:12:57,581 [Worker-1: Loading available Gradle versions] ERROR o.e.b.c.i.u.g.PublishedGradleVersions - Cannot write Gradle version information cache file.
java.io.FileNotFoundException: C:\Users\Abhi Sharma\.cache\tooling\gradle\versions.json (Access is denied)
	at java.base/java.io.FileOutputStream.open0(Native Method)
	at java.base/java.io.FileOutputStream.open(FileOutputStream.java:289)
	at java.base/java.io.FileOutputStream.<init>(FileOutputStream.java:230)
	at com.google.common.io.Files$FileByteSink.openStream(Files.java:197)
	at com.google.common.io.Files$FileByteSink.openStream(Files.java:185)
	at com.google.common.io.ByteSink$AsCharSink.openStream(ByteSink.java:152)
	at com.google.common.io.CharSource$StringCharSource.copyTo(CharSource.java:662)
	at org.eclipse.buildship.core.internal.util.gradle.PublishedGradleVersions.storeCacheVersionsFile(PublishedGradleVersions.java:184)
	at org.eclipse.buildship.core.internal.util.gradle.PublishedGradleVersions.tryToDownloadAndCacheVersions(PublishedGradleVersions.java:150)
	at org.eclipse.buildship.core.internal.util.gradle.PublishedGradleVersions.tryToUpdateOutdatedVersionsFile(PublishedGradleVersions.java:133)
	at org.eclipse.buildship.core.internal.util.gradle.PublishedGradleVersions.create(PublishedGradleVersions.java:117)
	at org.eclipse.buildship.core.internal.util.gradle.PublishedGradleVersionsWrapper$LoadVersionsJob.run(PublishedGradleVersionsWrapper.java:73)
	at org.eclipse.core.internal.jobs.Worker.run(Worker.java:63)
2024-01-09 11:37:16,102 [Worker-1: Loading available Gradle versions] INFO  o.e.b.c.i.u.g.PublishedGradleVersions - Gradle version information cache is out-of-date. Trying to update.
2024-01-09 11:37:18,457 [Worker-1: Loading available Gradle versions] ERROR o.e.b.c.i.u.g.PublishedGradleVersions - Cannot write Gradle version information cache file.
java.io.FileNotFoundException: C:\Users\Abhi Sharma\.cache\tooling\gradle\versions.json (Access is denied)
	at java.base/java.io.FileOutputStream.open0(Native Method)
	at java.base/java.io.FileOutputStream.open(FileOutputStream.java:289)
	at java.base/java.io.FileOutputStream.<init>(FileOutputStream.java:230)
	at com.google.common.io.Files$FileByteSink.openStream(Files.java:197)
	at com.google.common.io.Files$FileByteSink.openStream(Files.java:185)
	at com.google.common.io.ByteSink$AsCharSink.openStream(ByteSink.java:152)
	at com.google.common.io.CharSource$StringCharSource.copyTo(CharSource.java:662)
	at org.eclipse.buildship.core.internal.util.gradle.PublishedGradleVersions.storeCacheVersionsFile(PublishedGradleVersions.java:184)
	at org.eclipse.buildship.core.internal.util.gradle.PublishedGradleVersions.tryToDownloadAndCacheVersions(PublishedGradleVersions.java:150)
	at org.eclipse.buildship.core.internal.util.gradle.PublishedGradleVersions.tryToUpdateOutdatedVersionsFile(PublishedGradleVersions.java:133)
	at org.eclipse.buildship.core.internal.util.gradle.PublishedGradleVersions.create(PublishedGradleVersions.java:117)
	at org.eclipse.buildship.core.internal.util.gradle.PublishedGradleVersionsWrapper$LoadVersionsJob.run(PublishedGradleVersionsWrapper.java:73)
	at org.eclipse.core.internal.jobs.Worker.run(Worker.java:63)
2024-01-10 19:42:03,486 [Worker-1: Loading available Gradle versions] INFO  o.e.b.c.i.u.g.PublishedGradleVersions - Gradle version information cache is out-of-date. Trying to update.
2024-01-10 19:42:05,712 [Worker-1: Loading available Gradle versions] ERROR o.e.b.c.i.u.g.PublishedGradleVersions - Cannot write Gradle version information cache file.
java.io.FileNotFoundException: C:\Users\Abhi Sharma\.cache\tooling\gradle\versions.json (Access is denied)
	at java.base/java.io.FileOutputStream.open0(Native Method)
	at java.base/java.io.FileOutputStream.open(FileOutputStream.java:289)
	at java.base/java.io.FileOutputStream.<init>(FileOutputStream.java:230)
	at com.google.common.io.Files$FileByteSink.openStream(Files.java:197)
	at com.google.common.io.Files$FileByteSink.openStream(Files.java:185)
	at com.google.common.io.ByteSink$AsCharSink.openStream(ByteSink.java:152)
	at com.google.common.io.CharSource$StringCharSource.copyTo(CharSource.java:662)
	at org.eclipse.buildship.core.internal.util.gradle.PublishedGradleVersions.storeCacheVersionsFile(PublishedGradleVersions.java:184)
	at org.eclipse.buildship.core.internal.util.gradle.PublishedGradleVersions.tryToDownloadAndCacheVersions(PublishedGradleVersions.java:150)
	at org.eclipse.buildship.core.internal.util.gradle.PublishedGradleVersions.tryToUpdateOutdatedVersionsFile(PublishedGradleVersions.java:133)
	at org.eclipse.buildship.core.internal.util.gradle.PublishedGradleVersions.create(PublishedGradleVersions.java:117)
	at org.eclipse.buildship.core.internal.util.gradle.PublishedGradleVersionsWrapper$LoadVersionsJob.run(PublishedGradleVersionsWrapper.java:73)
	at org.eclipse.core.internal.jobs.Worker.run(Worker.java:63)
2024-01-12 19:56:18,216 [Worker-1: Loading available Gradle versions] INFO  o.e.b.c.i.u.g.PublishedGradleVersions - Gradle version information cache is out-of-date. Trying to update.
2024-01-12 19:56:25,548 [Worker-1: Loading available Gradle versions] ERROR o.e.b.c.i.u.g.PublishedGradleVersions - Cannot write Gradle version information cache file.
java.io.FileNotFoundException: C:\Users\Abhi Sharma\.cache\tooling\gradle\versions.json (Access is denied)
	at java.base/java.io.FileOutputStream.open0(Native Method)
	at java.base/java.io.FileOutputStream.open(FileOutputStream.java:289)
	at java.base/java.io.FileOutputStream.<init>(FileOutputStream.java:230)
	at com.google.common.io.Files$FileByteSink.openStream(Files.java:197)
	at com.google.common.io.Files$FileByteSink.openStream(Files.java:185)
	at com.google.common.io.ByteSink$AsCharSink.openStream(ByteSink.java:152)
	at com.google.common.io.CharSource$StringCharSource.copyTo(CharSource.java:662)
	at org.eclipse.buildship.core.internal.util.gradle.PublishedGradleVersions.storeCacheVersionsFile(PublishedGradleVersions.java:184)
	at org.eclipse.buildship.core.internal.util.gradle.PublishedGradleVersions.tryToDownloadAndCacheVersions(PublishedGradleVersions.java:150)
	at org.eclipse.buildship.core.internal.util.gradle.PublishedGradleVersions.tryToUpdateOutdatedVersionsFile(PublishedGradleVersions.java:133)
	at org.eclipse.buildship.core.internal.util.gradle.PublishedGradleVersions.create(PublishedGradleVersions.java:117)
	at org.eclipse.buildship.core.internal.util.gradle.PublishedGradleVersionsWrapper$LoadVersionsJob.run(PublishedGradleVersionsWrapper.java:73)
	at org.eclipse.core.internal.jobs.Worker.run(Worker.java:63)
2024-01-12 08:06:20,553 [Worker-1: Loading available Gradle versions] INFO  o.e.b.c.i.u.g.PublishedGradleVersions - Gradle version information cache is not available. Remote download required.
2024-01-13 12:50:36,522 [Worker-2: Loading available Gradle versions] INFO  o.e.b.c.i.u.g.PublishedGradleVersions - Gradle version information cache is up-to-date. Trying to read.
2024-01-15 20:16:16,056 [Worker-1: Loading available Gradle versions] INFO  o.e.b.c.i.u.g.PublishedGradleVersions - Gradle version information cache is up-to-date. Trying to read.
2024-01-16 12:07:47,988 [Worker-0: Loading available Gradle versions] INFO  o.e.b.c.i.u.g.PublishedGradleVersions - Gradle version information cache is up-to-date. Trying to read.
2024-01-16 20:42:02,422 [Worker-0: Loading available Gradle versions] INFO  o.e.b.c.i.u.g.PublishedGradleVersions - Gradle version information cache is up-to-date. Trying to read.
2024-01-19 00:03:30,872 [Worker-0: Loading available Gradle versions] INFO  o.e.b.c.i.u.g.PublishedGradleVersions - Gradle version information cache is out-of-date. Trying to update.
2024-01-19 21:19:06,437 [Worker-1: Loading available Gradle versions] INFO  o.e.b.c.i.u.g.PublishedGradleVersions - Gradle version information cache is up-to-date. Trying to read.
2024-01-19 21:23:10,006 [Worker-1: Loading available Gradle versions] INFO  o.e.b.c.i.u.g.PublishedGradleVersions - Gradle version information cache is up-to-date. Trying to read.
2024-01-21 12:56:32,681 [Worker-0: Loading available Gradle versions] INFO  o.e.b.c.i.u.g.PublishedGradleVersions - Gradle version information cache is up-to-date. Trying to read.
2024-01-23 22:05:41,028 [Worker-0: Loading available Gradle versions] INFO  o.e.b.c.i.u.g.PublishedGradleVersions - Gradle version information cache is up-to-date. Trying to read.
2024-01-24 17:25:41,902 [Worker-0: Loading available Gradle versions] INFO  o.e.b.c.i.u.g.PublishedGradleVersions - Gradle version information cache is up-to-date. Trying to read.
2024-01-27 19:54:05,130 [Worker-0: Loading available Gradle versions] INFO  o.e.b.c.i.u.g.PublishedGradleVersions - Gradle version information cache is out-of-date. Trying to update.
2024-01-30 22:00:12,182 [Worker-0: Loading available Gradle versions] INFO  o.e.b.c.i.u.g.PublishedGradleVersions - Gradle version information cache is up-to-date. Trying to read.
2024-02-02 10:19:05,949 [Worker-0: Loading available Gradle versions] INFO  o.e.b.c.i.u.g.PublishedGradleVersions - Gradle version information cache is up-to-date. Trying to read.
2024-02-03 13:45:20,318 [Worker-0: Loading available Gradle versions] INFO  o.e.b.c.i.u.g.PublishedGradleVersions - Gradle version information cache is out-of-date. Trying to update.
2024-02-05 20:20:59,069 [Worker-0: Loading available Gradle versions] INFO  o.e.b.c.i.u.g.PublishedGradleVersions - Gradle version information cache is up-to-date. Trying to read.
2024-04-03 22:39:22,869 [Worker-0: Loading available Gradle versions] INFO  o.e.b.c.i.u.g.PublishedGradleVersions - Gradle version information cache is out-of-date. Trying to update.
2024-04-06 12:27:50,182 [Worker-0: Loading available Gradle versions] INFO  o.e.b.c.i.u.g.PublishedGradleVersions - Gradle version information cache is up-to-date. Trying to read.
2024-04-13 10:20:29,342 [Worker-2: Loading available Gradle versions] INFO  o.e.b.c.i.u.g.PublishedGradleVersions - Gradle version information cache is out-of-date. Trying to update.
2024-04-24 20:41:36,028 [Worker-0: Loading available Gradle versions] INFO  o.e.b.c.i.u.g.PublishedGradleVersions - Gradle version information cache is out-of-date. Trying to update.
2024-04-26 09:50:31,067 [Worker-0: Loading available Gradle versions] INFO  o.e.b.c.i.u.g.PublishedGradleVersions - Gradle version information cache is out-of-date. Trying to update.
2024-05-05 19:41:44,073 [Worker-0: Loading available Gradle versions] INFO  o.e.b.c.i.u.g.PublishedGradleVersions - Gradle version information cache is up-to-date. Trying to read.
2024-05-06 19:52:14,630 [Worker-0: Loading available Gradle versions] INFO  o.e.b.c.i.u.g.PublishedGradleVersions - Gradle version information cache is out-of-date. Trying to update.
2024-05-08 21:57:41,447 [Worker-0: Loading available Gradle versions] INFO  o.e.b.c.i.u.g.PublishedGradleVersions - Gradle version information cache is out-of-date. Trying to update.
2024-05-11 18:04:46,508 [Worker-0: Loading available Gradle versions] INFO  o.e.b.c.i.u.g.PublishedGradleVersions - Gradle version information cache is up-to-date. Trying to read.
2024-05-13 23:56:12,079 [Worker-1: Loading available Gradle versions] INFO  o.e.b.c.i.u.g.PublishedGradleVersions - Gradle version information cache is up-to-date. Trying to read.
2024-05-15 21:20:51,460 [Worker-0: Loading available Gradle versions] INFO  o.e.b.c.i.u.g.PublishedGradleVersions - Gradle version information cache is up-to-date. Trying to read.
2024-05-16 11:01:06,245 [Worker-0: Loading available Gradle versions] INFO  o.e.b.c.i.u.g.PublishedGradleVersions - Gradle version information cache is up-to-date. Trying to read.
2024-05-18 12:03:49,504 [Worker-1: Loading available Gradle versions] INFO  o.e.b.c.i.u.g.PublishedGradleVersions - Gradle version information cache is out-of-date. Trying to update.
2024-05-21 19:46:32,987 [Worker-0: Loading available Gradle versions] INFO  o.e.b.c.i.u.g.PublishedGradleVersions - Gradle version information cache is up-to-date. Trying to read.
2024-05-24 23:38:05,632 [Worker-1: Loading available Gradle versions] INFO  o.e.b.c.i.u.g.PublishedGradleVersions - Gradle version information cache is out-of-date. Trying to update.
2024-05-25 22:59:36,163 [Worker-0: Loading available Gradle versions] INFO  o.e.b.c.i.u.g.PublishedGradleVersions - Gradle version information cache is up-to-date. Trying to read.
2024-05-30 09:30:09,909 [Worker-2: Loading available Gradle versions] INFO  o.e.b.c.i.u.g.PublishedGradleVersions - Gradle version information cache is up-to-date. Trying to read.
2024-05-30 20:06:24,230 [Worker-0: Loading available Gradle versions] INFO  o.e.b.c.i.u.g.PublishedGradleVersions - Gradle version information cache is up-to-date. Trying to read.
2024-06-06 13:50:11,677 [Worker-0: Loading available Gradle versions] INFO  o.e.b.c.i.u.g.PublishedGradleVersions - Gradle version information cache is out-of-date. Trying to update.
2024-06-06 13:50:14,032 [Worker-0: Loading available Gradle versions] INFO  o.e.b.c.i.u.g.PublishedGradleVersions - Updating Gradle version information cache failed. Using outdated cache.
2024-06-06 22:35:04,908 [Worker-0: Loading available Gradle versions] INFO  o.e.b.c.i.u.g.PublishedGradleVersions - Gradle version information cache is up-to-date. Trying to read.
2024-06-08 20:19:03,868 [Worker-0: Loading available Gradle versions] INFO  o.e.b.c.i.u.g.PublishedGradleVersions - Gradle version information cache is up-to-date. Trying to read.
2024-06-09 11:33:01,006 [Worker-0: Loading available Gradle versions] INFO  o.e.b.c.i.u.g.PublishedGradleVersions - Gradle version information cache is up-to-date. Trying to read.
2024-06-12 00:29:58,021 [Worker-0: Loading available Gradle versions] INFO  o.e.b.c.i.u.g.PublishedGradleVersions - Gradle version information cache is up-to-date. Trying to read.
2024-06-12 21:42:37,640 [Worker-0: Loading available Gradle versions] INFO  o.e.b.c.i.u.g.PublishedGradleVersions - Gradle version information cache is up-to-date. Trying to read.
2024-06-14 20:36:41,440 [Worker-0: Loading available Gradle versions] INFO  o.e.b.c.i.u.g.PublishedGradleVersions - Gradle version information cache is out-of-date. Trying to update.
